<?xml version="1.0" encoding="UTF-8"?>
<!-- Generated by org.testng.reporters.JUnitReportReporter -->
<testsuite hostname="LAPTOP-LEC46EMO" failures="0" tests="7" name="com.test.RegisterPageTest" time="105.678" errors="2" timestamp="2025-03-27T06:06:20 IST" skipped="0">
  <testcase classname="com.test.RegisterPageTest" name="verifyRegisterPageNavigation1" time="11.559"/>
  <testcase classname="com.test.RegisterPageTest" name="verifyRegisterPageNavigation1" time="14.864">
    <error message="Cannot invoke &quot;String.equals(Object)&quot; because &quot;gender&quot; is null" type="java.lang.NullPointerException">
      <![CDATA[java.lang.NullPointerException: Cannot invoke "String.equals(Object)" because "gender" is null
at com.page.RegisterPage.enterRegistrationDetails(RegisterPage.java:42)
at com.test.RegisterPageTest.verifyRegisterPageNavigation1(RegisterPageTest.java:41)
at java.base/jdk.internal.reflect.DirectMethodHandleAccessor.invoke(DirectMethodHandleAccessor.java:103)
at java.base/java.lang.reflect.Method.invoke(Method.java:580)
at org.testng.internal.invokers.MethodInvocationHelper.invokeMethod(MethodInvocationHelper.java:141)
at org.testng.internal.invokers.TestInvoker.invokeMethod(TestInvoker.java:687)
at org.testng.internal.invokers.TestInvoker.invokeTestMethod(TestInvoker.java:230)
at org.testng.internal.invokers.TestMethodWithDataProviderMethodWorker.call(TestMethodWithDataProviderMethodWorker.java:81)
at org.testng.internal.thread.Async$AsyncTask.run(Async.java:34)
at java.base/java.util.concurrent.ThreadPoolExecutor.runWorker(ThreadPoolExecutor.java:1144)
at java.base/java.util.concurrent.ThreadPoolExecutor$Worker.run(ThreadPoolExecutor.java:642)
at java.base/java.lang.Thread.run(Thread.java:1575)
]]>
    </error>
  </testcase> <!-- verifyRegisterPageNavigation1 -->
  <testcase classname="com.test.RegisterPageTest" name="verifyRegisterPageNavigation" time="16.976"/>
  <testcase classname="com.test.RegisterPageTest" name="verifyRegisterPageNavigation1" time="14.654"/>
  <testcase classname="com.test.RegisterPageTest" name="verifyRegisterPageNavigation1" time="13.722"/>
  <testcase classname="com.test.RegisterPageTest" name="verifyRegisterPageNavigation1" time="18.422"/>
  <testcase classname="com.test.RegisterPageTest" name="verifyRegisterPageNavigation1" time="15.481">
    <error message="Cannot invoke &quot;String.equals(Object)&quot; because &quot;gender&quot; is null" type="java.lang.NullPointerException">
      <![CDATA[java.lang.NullPointerException: Cannot invoke "String.equals(Object)" because "gender" is null
at com.page.RegisterPage.enterRegistrationDetails(RegisterPage.java:42)
at com.test.RegisterPageTest.verifyRegisterPageNavigation1(RegisterPageTest.java:41)
at java.base/jdk.internal.reflect.DirectMethodHandleAccessor.invoke(DirectMethodHandleAccessor.java:103)
at java.base/java.lang.reflect.Method.invoke(Method.java:580)
at org.testng.internal.invokers.MethodInvocationHelper.invokeMethod(MethodInvocationHelper.java:141)
at org.testng.internal.invokers.TestInvoker.invokeMethod(TestInvoker.java:687)
at org.testng.internal.invokers.TestInvoker.invokeTestMethod(TestInvoker.java:230)
at org.testng.internal.invokers.TestMethodWithDataProviderMethodWorker.call(TestMethodWithDataProviderMethodWorker.java:81)
at org.testng.internal.thread.Async$AsyncTask.run(Async.java:34)
at java.base/java.util.concurrent.ThreadPoolExecutor.runWorker(ThreadPoolExecutor.java:1144)
at java.base/java.util.concurrent.ThreadPoolExecutor$Worker.run(ThreadPoolExecutor.java:642)
at java.base/java.lang.Thread.run(Thread.java:1575)
]]>
    </error>
  </testcase> <!-- verifyRegisterPageNavigation1 -->
</testsuite> <!-- com.test.RegisterPageTest -->
