<?xml version="1.0" encoding="UTF-8"?>
<!-- Generated by org.testng.reporters.JUnitReportReporter -->
<testsuite hostname="LAPTOP-LEC46EMO" failures="0" tests="1" name="com.test.HomePageTest" time="5.631" errors="0" timestamp="2025-03-27T06:06:20 IST" skipped="0">
  <testcase classname="com.test.HomePageTest" name="verifyLoginPageText" time="5.631"/>
</testsuite> <!-- com.test.HomePageTest -->
